<?xml version="1.0" encoding="UTF-8"?>
<testsuite name="com.clinic.service.AppointmentServiceTest" tests="5" skipped="0" failures="0" errors="0" timestamp="2025-05-10T00:49:34" hostname="ograciano-1-0" time="0.071">
  <properties/>
  <testcase name="shouldSaveAppointmentWhenNoConflict()" classname="com.clinic.service.AppointmentServiceTest" time="0.065"/>
  <testcase name="shouldRejectIfOfficeConflictExists()" classname="com.clinic.service.AppointmentServiceTest" time="0.002"/>
  <testcase name="shouldRejectIfDoctorHas8Appointments()" classname="com.clinic.service.AppointmentServiceTest" time="0.0"/>
  <testcase name="shouldRejectIfPatientHasAnotherAppointmentClose()" classname="com.clinic.service.AppointmentServiceTest" time="0.0"/>
  <testcase name="shouldRejectIfDoctorConflictExists()" classname="com.clinic.service.AppointmentServiceTest" time="0.0"/>
  <system-out><![CDATA[]]></system-out>
  <system-err><![CDATA[]]></system-err>
</testsuite>
