<?xml version="1.0" encoding="UTF-8"?>
<testsuite name="com.clinic.controller.OfficeControllerTest" tests="5" skipped="0" failures="0" errors="0" timestamp="2025-05-10T00:49:34" hostname="ograciano-1-0" time="0.097">
  <properties/>
  <testcase name="shouldCreateOffice()" classname="com.clinic.controller.OfficeControllerTest" time="0.037"/>
  <testcase name="shouldUpdateOffice()" classname="com.clinic.controller.OfficeControllerTest" time="0.025"/>
  <testcase name="shouldDeleteOffice()" classname="com.clinic.controller.OfficeControllerTest" time="0.011"/>
  <testcase name="shouldReturnAllOffices()" classname="com.clinic.controller.OfficeControllerTest" time="0.011"/>
  <testcase name="shouldGetOfficeById()" classname="com.clinic.controller.OfficeControllerTest" time="0.011"/>
  <system-out><![CDATA[]]></system-out>
  <system-err><![CDATA[]]></system-err>
</testsuite>
