<?xml version="1.0" encoding="UTF-8"?>
<testsuite name="com.clinic.controller.DoctorControllerTest" tests="5" skipped="0" failures="0" errors="0" timestamp="2025-05-10T00:49:34" hostname="ograciano-1-0" time="0.088">
  <properties/>
  <testcase name="shouldCreateDoctor()" classname="com.clinic.controller.DoctorControllerTest" time="0.036"/>
  <testcase name="shouldReturnAllDoctors()" classname="com.clinic.controller.DoctorControllerTest" time="0.013"/>
  <testcase name="shouldUpdateDoctor()" classname="com.clinic.controller.DoctorControllerTest" time="0.013"/>
  <testcase name="shouldDeleteDoctor()" classname="com.clinic.controller.DoctorControllerTest" time="0.012"/>
  <testcase name="shouldGetDoctorById()" classname="com.clinic.controller.DoctorControllerTest" time="0.012"/>
  <system-out><![CDATA[]]></system-out>
  <system-err><![CDATA[]]></system-err>
</testsuite>
